{"C:\\Projects\\rs-react-app\\src\\App.tsx": {"path":"C:\\Projects\\rs-react-app\\src\\App.tsx","all":true,"statementMap":{"0":{"start":{"line":1,"column":0},"end":{"line":1,"column":49}},"1":{"start":{"line":2,"column":0},"end":{"line":2,"column":34}},"2":{"start":{"line":3,"column":0},"end":{"line":3,"column":45}},"3":{"start":{"line":4,"column":0},"end":{"line":4,"column":42}},"4":{"start":{"line":5,"column":0},"end":{"line":5,"column":44}},"5":{"start":{"line":6,"column":0},"end":{"line":6,"column":42}},"6":{"start":{"line":7,"column":0},"end":{"line":7,"column":48}},"7":{"start":{"line":8,"column":0},"end":{"line":8,"column":51}},"8":{"start":{"line":9,"column":0},"end":{"line":9,"column":60}},"9":{"start":{"line":10,"column":0},"end":{"line":10,"column":51}},"10":{"start":{"line":11,"column":0},"end":{"line":11,"column":48}},"11":{"start":{"line":12,"column":0},"end":{"line":12,"column":48}},"13":{"start":{"line":14,"column":0},"end":{"line":14,"column":19}},"15":{"start":{"line":16,"column":0},"end":{"line":16,"column":16}},"16":{"start":{"line":17,"column":0},"end":{"line":17,"column":9}},"17":{"start":{"line":18,"column":0},"end":{"line":18,"column":10}},"18":{"start":{"line":19,"column":0},"end":{"line":19,"column":18}},"19":{"start":{"line":20,"column":0},"end":{"line":20,"column":19}},"20":{"start":{"line":21,"column":0},"end":{"line":21,"column":16}},"21":{"start":{"line":22,"column":0},"end":{"line":22,"column":16}},"22":{"start":{"line":23,"column":0},"end":{"line":23,"column":22}},"23":{"start":{"line":24,"column":0},"end":{"line":24,"column":16}},"24":{"start":{"line":25,"column":0},"end":{"line":25,"column":34}},"26":{"start":{"line":27,"column":0},"end":{"line":27,"column":75}},"28":{"start":{"line":29,"column":0},"end":{"line":29,"column":31}},"30":{"start":{"line":31,"column":0},"end":{"line":31,"column":19}},"31":{"start":{"line":32,"column":0},"end":{"line":32,"column":54}},"32":{"start":{"line":33,"column":0},"end":{"line":33,"column":56}},"33":{"start":{"line":34,"column":0},"end":{"line":34,"column":18}},"35":{"start":{"line":36,"column":0},"end":{"line":36,"column":44}},"37":{"start":{"line":38,"column":0},"end":{"line":38,"column":10}},"38":{"start":{"line":39,"column":0},"end":{"line":39,"column":6}},"39":{"start":{"line":40,"column":0},"end":{"line":40,"column":16}},"40":{"start":{"line":41,"column":0},"end":{"line":41,"column":13}},"41":{"start":{"line":42,"column":0},"end":{"line":42,"column":21}},"42":{"start":{"line":43,"column":0},"end":{"line":43,"column":37}},"43":{"start":{"line":44,"column":0},"end":{"line":44,"column":39}},"44":{"start":{"line":45,"column":0},"end":{"line":45,"column":8}},"45":{"start":{"line":46,"column":0},"end":{"line":46,"column":14}},"46":{"start":{"line":47,"column":0},"end":{"line":47,"column":46}},"47":{"start":{"line":48,"column":0},"end":{"line":48,"column":55}},"48":{"start":{"line":49,"column":0},"end":{"line":49,"column":16}},"49":{"start":{"line":50,"column":0},"end":{"line":50,"column":15}},"50":{"start":{"line":51,"column":0},"end":{"line":51,"column":26}},"51":{"start":{"line":52,"column":0},"end":{"line":52,"column":19}},"52":{"start":{"line":53,"column":0},"end":{"line":53,"column":35}},"53":{"start":{"line":54,"column":0},"end":{"line":54,"column":35}},"54":{"start":{"line":55,"column":0},"end":{"line":55,"column":47}},"55":{"start":{"line":56,"column":0},"end":{"line":56,"column":10}},"57":{"start":{"line":58,"column":0},"end":{"line":58,"column":59}},"59":{"start":{"line":60,"column":0},"end":{"line":60,"column":15}},"60":{"start":{"line":61,"column":0},"end":{"line":61,"column":7}},"62":{"start":{"line":63,"column":0},"end":{"line":63,"column":1}},"64":{"start":{"line":65,"column":0},"end":{"line":65,"column":19}}},"s":{"0":0,"1":0,"2":0,"3":0,"4":0,"5":0,"6":0,"7":0,"8":0,"9":0,"10":0,"11":0,"13":0,"15":0,"16":0,"17":0,"18":0,"19":0,"20":0,"21":0,"22":0,"23":0,"24":0,"26":0,"28":0,"30":0,"31":0,"32":0,"33":0,"35":0,"37":0,"38":0,"39":0,"40":0,"41":0,"42":0,"43":0,"44":0,"45":0,"46":0,"47":0,"48":0,"49":0,"50":0,"51":0,"52":0,"53":0,"54":0,"55":0,"57":0,"59":0,"60":0,"62":0,"64":0},"branchMap":{"0":{"type":"branch","line":1,"loc":{"start":{"line":1,"column":1139},"end":{"line":65,"column":-973}},"locations":[{"start":{"line":1,"column":1139},"end":{"line":65,"column":-973}}]}},"b":{"0":[0]},"fnMap":{"0":{"name":"(empty-report)","decl":{"start":{"line":1,"column":1139},"end":{"line":65,"column":-973}},"loc":{"start":{"line":1,"column":1139},"end":{"line":65,"column":-973}},"line":1}},"f":{"0":0}}
,"C:\\Projects\\rs-react-app\\src\\themeProvider.tsx": {"path":"C:\\Projects\\rs-react-app\\src\\themeProvider.tsx","all":false,"statementMap":{"0":{"start":{"line":1,"column":0},"end":{"line":1,"column":44}},"1":{"start":{"line":2,"column":0},"end":{"line":2,"column":66}},"3":{"start":{"line":4,"column":0},"end":{"line":4,"column":70}},"4":{"start":{"line":5,"column":0},"end":{"line":5,"column":54}},"5":{"start":{"line":6,"column":0},"end":{"line":6,"column":60}},"6":{"start":{"line":7,"column":0},"end":{"line":7,"column":4}},"8":{"start":{"line":9,"column":0},"end":{"line":9,"column":29}},"9":{"start":{"line":10,"column":0},"end":{"line":10,"column":26}},"10":{"start":{"line":11,"column":0},"end":{"line":11,"column":29}},"11":{"start":{"line":12,"column":0},"end":{"line":12,"column":66}},"12":{"start":{"line":13,"column":0},"end":{"line":13,"column":22}},"13":{"start":{"line":14,"column":0},"end":{"line":14,"column":7}},"14":{"start":{"line":15,"column":0},"end":{"line":15,"column":4}},"16":{"start":{"line":17,"column":0},"end":{"line":17,"column":10}},"17":{"start":{"line":18,"column":0},"end":{"line":18,"column":45}},"18":{"start":{"line":19,"column":0},"end":{"line":19,"column":55}},"19":{"start":{"line":20,"column":0},"end":{"line":20,"column":18}},"20":{"start":{"line":21,"column":0},"end":{"line":21,"column":36}},"21":{"start":{"line":22,"column":0},"end":{"line":22,"column":28}},"23":{"start":{"line":24,"column":0},"end":{"line":24,"column":1}}},"s":{"0":1,"1":1,"3":1,"4":4,"5":4,"6":4,"8":4,"9":1,"10":1,"11":1,"12":1,"13":1,"14":1,"16":4,"17":4,"18":4,"19":4,"20":4,"21":4,"23":4},"branchMap":{"0":{"type":"branch","line":4,"loc":{"start":{"line":4,"column":7},"end":{"line":24,"column":1}},"locations":[{"start":{"line":4,"column":7},"end":{"line":24,"column":1}}]},"1":{"type":"branch","line":6,"loc":{"start":{"line":6,"column":47},"end":{"line":6,"column":59}},"locations":[{"start":{"line":6,"column":47},"end":{"line":6,"column":59}}]},"2":{"type":"branch","line":9,"loc":{"start":{"line":9,"column":22},"end":{"line":15,"column":4}},"locations":[{"start":{"line":9,"column":22},"end":{"line":15,"column":4}}]},"3":{"type":"branch","line":10,"loc":{"start":{"line":10,"column":17},"end":{"line":14,"column":5}},"locations":[{"start":{"line":10,"column":17},"end":{"line":14,"column":5}}]}},"b":{"0":[4],"1":[1],"2":[1],"3":[1]},"fnMap":{"0":{"name":"ThemeProvider","decl":{"start":{"line":4,"column":7},"end":{"line":24,"column":1}},"loc":{"start":{"line":4,"column":7},"end":{"line":24,"column":1}},"line":4},"1":{"name":"toggleTheme","decl":{"start":{"line":9,"column":22},"end":{"line":15,"column":4}},"loc":{"start":{"line":9,"column":22},"end":{"line":15,"column":4}},"line":9}},"f":{"0":4,"1":1}}
,"C:\\Projects\\rs-react-app\\src\\components\\button\\Button.tsx": {"path":"C:\\Projects\\rs-react-app\\src\\components\\button\\Button.tsx","all":false,"statementMap":{"1":{"start":{"line":2,"column":0},"end":{"line":2,"column":38}},"2":{"start":{"line":3,"column":0},"end":{"line":3,"column":41}},"11":{"start":{"line":12,"column":0},"end":{"line":12,"column":17}},"12":{"start":{"line":13,"column":0},"end":{"line":13,"column":11}},"13":{"start":{"line":14,"column":0},"end":{"line":14,"column":7}},"14":{"start":{"line":15,"column":0},"end":{"line":15,"column":10}},"15":{"start":{"line":16,"column":0},"end":{"line":16,"column":11}},"16":{"start":{"line":17,"column":0},"end":{"line":17,"column":10}},"17":{"start":{"line":18,"column":0},"end":{"line":18,"column":20}},"18":{"start":{"line":19,"column":0},"end":{"line":19,"column":10}},"19":{"start":{"line":20,"column":0},"end":{"line":20,"column":11}},"20":{"start":{"line":21,"column":0},"end":{"line":21,"column":35}},"21":{"start":{"line":22,"column":0},"end":{"line":22,"column":17}},"22":{"start":{"line":23,"column":0},"end":{"line":23,"column":23}},"23":{"start":{"line":24,"column":0},"end":{"line":24,"column":25}},"25":{"start":{"line":26,"column":0},"end":{"line":26,"column":29}},"26":{"start":{"line":27,"column":0},"end":{"line":27,"column":16}},"27":{"start":{"line":28,"column":0},"end":{"line":28,"column":13}},"29":{"start":{"line":30,"column":0},"end":{"line":30,"column":2}},"31":{"start":{"line":32,"column":0},"end":{"line":32,"column":22}}},"s":{"1":1,"2":1,"11":1,"12":31,"13":31,"14":31,"15":31,"16":31,"17":31,"18":31,"19":31,"20":31,"21":31,"22":31,"23":31,"25":31,"26":31,"27":31,"29":31,"31":1},"branchMap":{"0":{"type":"branch","line":12,"loc":{"start":{"line":12,"column":15},"end":{"line":30,"column":2}},"locations":[{"start":{"line":12,"column":15},"end":{"line":30,"column":2}}]},"1":{"type":"branch","line":26,"loc":{"start":{"line":26,"column":7},"end":{"line":26,"column":29}},"locations":[{"start":{"line":26,"column":7},"end":{"line":26,"column":29}}]}},"b":{"0":[31],"1":[1]},"fnMap":{"0":{"name":"Button","decl":{"start":{"line":12,"column":15},"end":{"line":30,"column":2}},"loc":{"start":{"line":12,"column":15},"end":{"line":30,"column":2}},"line":12}},"f":{"0":31}}
,"C:\\Projects\\rs-react-app\\src\\components\\details\\Details.tsx": {"path":"C:\\Projects\\rs-react-app\\src\\components\\details\\Details.tsx","all":false,"statementMap":{"0":{"start":{"line":1,"column":0},"end":{"line":1,"column":52}},"1":{"start":{"line":2,"column":0},"end":{"line":2,"column":49}},"2":{"start":{"line":3,"column":0},"end":{"line":3,"column":70}},"3":{"start":{"line":4,"column":0},"end":{"line":4,"column":38}},"4":{"start":{"line":5,"column":0},"end":{"line":5,"column":42}},"6":{"start":{"line":7,"column":0},"end":{"line":7,"column":23}},"7":{"start":{"line":8,"column":0},"end":{"line":8,"column":71}},"8":{"start":{"line":9,"column":0},"end":{"line":9,"column":76}},"10":{"start":{"line":11,"column":0},"end":{"line":11,"column":16}},"11":{"start":{"line":12,"column":0},"end":{"line":12,"column":11}},"12":{"start":{"line":13,"column":0},"end":{"line":13,"column":3}},"14":{"start":{"line":15,"column":0},"end":{"line":15,"column":9}},"15":{"start":{"line":16,"column":0},"end":{"line":16,"column":9}},"16":{"start":{"line":17,"column":0},"end":{"line":17,"column":12}},"17":{"start":{"line":18,"column":0},"end":{"line":18,"column":13}},"18":{"start":{"line":19,"column":0},"end":{"line":19,"column":12}},"19":{"start":{"line":20,"column":0},"end":{"line":20,"column":12}},"20":{"start":{"line":21,"column":0},"end":{"line":21,"column":19}},"21":{"start":{"line":22,"column":0},"end":{"line":22,"column":15}},"22":{"start":{"line":23,"column":0},"end":{"line":23,"column":13}},"24":{"start":{"line":25,"column":0},"end":{"line":25,"column":71}},"26":{"start":{"line":27,"column":0},"end":{"line":27,"column":76}},"27":{"start":{"line":28,"column":0},"end":{"line":28,"column":61}},"28":{"start":{"line":29,"column":0},"end":{"line":29,"column":51}},"29":{"start":{"line":30,"column":0},"end":{"line":30,"column":26}},"30":{"start":{"line":31,"column":0},"end":{"line":31,"column":9}},"31":{"start":{"line":32,"column":0},"end":{"line":32,"column":5}},"33":{"start":{"line":34,"column":0},"end":{"line":34,"column":10}},"34":{"start":{"line":35,"column":0},"end":{"line":35,"column":40}},"35":{"start":{"line":36,"column":0},"end":{"line":36,"column":21}},"36":{"start":{"line":37,"column":0},"end":{"line":37,"column":11}},"37":{"start":{"line":38,"column":0},"end":{"line":38,"column":76}},"38":{"start":{"line":39,"column":0},"end":{"line":39,"column":60}},"39":{"start":{"line":40,"column":0},"end":{"line":40,"column":12}},"40":{"start":{"line":41,"column":0},"end":{"line":41,"column":23}},"41":{"start":{"line":42,"column":0},"end":{"line":42,"column":58}},"42":{"start":{"line":43,"column":0},"end":{"line":43,"column":43}},"43":{"start":{"line":44,"column":0},"end":{"line":44,"column":53}},"45":{"start":{"line":46,"column":0},"end":{"line":46,"column":17}},"46":{"start":{"line":47,"column":0},"end":{"line":47,"column":12}},"47":{"start":{"line":48,"column":0},"end":{"line":48,"column":10}},"49":{"start":{"line":50,"column":0},"end":{"line":50,"column":2}},"51":{"start":{"line":52,"column":0},"end":{"line":52,"column":23}}},"s":{"0":1,"1":1,"2":1,"3":1,"4":1,"6":1,"7":3,"8":3,"10":3,"11":1,"12":1,"14":2,"15":2,"16":2,"17":2,"18":2,"19":2,"20":2,"21":2,"22":2,"24":2,"26":2,"27":8,"28":8,"29":8,"30":8,"31":2,"33":2,"34":2,"35":2,"36":2,"37":2,"38":2,"39":2,"40":2,"41":2,"42":2,"43":2,"45":2,"46":2,"47":2,"49":2,"51":1},"branchMap":{"0":{"type":"branch","line":7,"loc":{"start":{"line":7,"column":16},"end":{"line":50,"column":2}},"locations":[{"start":{"line":7,"column":16},"end":{"line":50,"column":2}}]},"1":{"type":"branch","line":11,"loc":{"start":{"line":11,"column":15},"end":{"line":13,"column":3}},"locations":[{"start":{"line":11,"column":15},"end":{"line":13,"column":3}}]},"2":{"type":"branch","line":13,"loc":{"start":{"line":13,"column":2},"end":{"line":50,"column":2}},"locations":[{"start":{"line":13,"column":2},"end":{"line":50,"column":2}}]},"3":{"type":"branch","line":8,"loc":{"start":{"line":8,"column":32},"end":{"line":8,"column":69}},"locations":[{"start":{"line":8,"column":32},"end":{"line":8,"column":69}}]},"4":{"type":"branch","line":27,"loc":{"start":{"line":27,"column":52},"end":{"line":31,"column":9}},"locations":[{"start":{"line":27,"column":52},"end":{"line":31,"column":9}}]}},"b":{"0":[3],"1":[1],"2":[2],"3":[6],"4":[8]},"fnMap":{"0":{"name":"Details","decl":{"start":{"line":7,"column":16},"end":{"line":50,"column":2}},"loc":{"start":{"line":7,"column":16},"end":{"line":50,"column":2}},"line":7}},"f":{"0":3}}
,"C:\\Projects\\rs-react-app\\src\\components\\errorBoundary\\ErrorBoundary.tsx": {"path":"C:\\Projects\\rs-react-app\\src\\components\\errorBoundary\\ErrorBoundary.tsx","all":false,"statementMap":{"0":{"start":{"line":1,"column":0},"end":{"line":1,"column":56}},"10":{"start":{"line":11,"column":0},"end":{"line":11,"column":45}},"13":{"start":{"line":14,"column":0},"end":{"line":14,"column":3}},"14":{"start":{"line":15,"column":0},"end":{"line":15,"column":42}},"15":{"start":{"line":16,"column":0},"end":{"line":16,"column":17}},"16":{"start":{"line":17,"column":0},"end":{"line":17,"column":37}},"17":{"start":{"line":18,"column":0},"end":{"line":18,"column":3}},"19":{"start":{"line":20,"column":0},"end":{"line":20,"column":69}},"20":{"start":{"line":21,"column":0},"end":{"line":21,"column":80}},"21":{"start":{"line":22,"column":0},"end":{"line":22,"column":30}},"22":{"start":{"line":23,"column":0},"end":{"line":23,"column":3}},"24":{"start":{"line":25,"column":0},"end":{"line":25,"column":63}},"25":{"start":{"line":26,"column":0},"end":{"line":26,"column":65}},"26":{"start":{"line":27,"column":0},"end":{"line":27,"column":73}},"27":{"start":{"line":28,"column":0},"end":{"line":28,"column":3}},"29":{"start":{"line":30,"column":0},"end":{"line":30,"column":12}},"30":{"start":{"line":31,"column":0},"end":{"line":31,"column":30}},"31":{"start":{"line":32,"column":0},"end":{"line":32,"column":33}},"32":{"start":{"line":33,"column":0},"end":{"line":33,"column":5}},"33":{"start":{"line":34,"column":0},"end":{"line":34,"column":31}},"34":{"start":{"line":35,"column":0},"end":{"line":35,"column":3}},"35":{"start":{"line":36,"column":0},"end":{"line":36,"column":1}}},"s":{"0":1,"10":1,"13":1,"14":1,"15":7,"16":7,"17":7,"19":1,"20":4,"21":4,"22":4,"24":1,"25":1,"26":1,"27":1,"29":1,"30":9,"31":4,"32":4,"33":5,"34":9,"35":1},"branchMap":{"0":{"type":"branch","line":15,"loc":{"start":{"line":15,"column":2},"end":{"line":18,"column":3}},"locations":[{"start":{"line":15,"column":2},"end":{"line":18,"column":3}}]},"1":{"type":"branch","line":20,"loc":{"start":{"line":20,"column":9},"end":{"line":23,"column":3}},"locations":[{"start":{"line":20,"column":9},"end":{"line":23,"column":3}}]},"2":{"type":"branch","line":25,"loc":{"start":{"line":25,"column":2},"end":{"line":28,"column":3}},"locations":[{"start":{"line":25,"column":2},"end":{"line":28,"column":3}}]},"3":{"type":"branch","line":30,"loc":{"start":{"line":30,"column":2},"end":{"line":35,"column":3}},"locations":[{"start":{"line":30,"column":2},"end":{"line":35,"column":3}}]},"4":{"type":"branch","line":31,"loc":{"start":{"line":31,"column":29},"end":{"line":33,"column":5}},"locations":[{"start":{"line":31,"column":29},"end":{"line":33,"column":5}}]},"5":{"type":"branch","line":33,"loc":{"start":{"line":33,"column":4},"end":{"line":34,"column":31}},"locations":[{"start":{"line":33,"column":4},"end":{"line":34,"column":31}}]}},"b":{"0":[7],"1":[4],"2":[1],"3":[9],"4":[4],"5":[5]},"fnMap":{"0":{"name":"ErrorBoundary","decl":{"start":{"line":15,"column":2},"end":{"line":18,"column":3}},"loc":{"start":{"line":15,"column":2},"end":{"line":18,"column":3}},"line":15},"1":{"name":"getDerivedStateFromError","decl":{"start":{"line":20,"column":9},"end":{"line":23,"column":3}},"loc":{"start":{"line":20,"column":9},"end":{"line":23,"column":3}},"line":20},"2":{"name":"componentDidCatch","decl":{"start":{"line":25,"column":2},"end":{"line":28,"column":3}},"loc":{"start":{"line":25,"column":2},"end":{"line":28,"column":3}},"line":25},"3":{"name":"render","decl":{"start":{"line":30,"column":2},"end":{"line":35,"column":3}},"loc":{"start":{"line":30,"column":2},"end":{"line":35,"column":3}},"line":30}},"f":{"0":7,"1":4,"2":1,"3":9}}
,"C:\\Projects\\rs-react-app\\src\\components\\errorBoundary\\Fallback.tsx": {"path":"C:\\Projects\\rs-react-app\\src\\components\\errorBoundary\\Fallback.tsx","all":false,"statementMap":{"0":{"start":{"line":1,"column":0},"end":{"line":1,"column":43}},"2":{"start":{"line":3,"column":0},"end":{"line":3,"column":24}},"3":{"start":{"line":4,"column":0},"end":{"line":4,"column":10}},"4":{"start":{"line":5,"column":0},"end":{"line":5,"column":35}},"6":{"start":{"line":7,"column":0},"end":{"line":7,"column":8}},"8":{"start":{"line":9,"column":0},"end":{"line":9,"column":2}},"10":{"start":{"line":11,"column":0},"end":{"line":11,"column":24}}},"s":{"0":1,"2":1,"3":4,"4":4,"6":4,"8":4,"10":1},"branchMap":{"0":{"type":"branch","line":3,"loc":{"start":{"line":3,"column":17},"end":{"line":9,"column":2}},"locations":[{"start":{"line":3,"column":17},"end":{"line":9,"column":2}}]}},"b":{"0":[4]},"fnMap":{"0":{"name":"Fallback","decl":{"start":{"line":3,"column":17},"end":{"line":9,"column":2}},"loc":{"start":{"line":3,"column":17},"end":{"line":9,"column":2}},"line":3}},"f":{"0":4}}
,"C:\\Projects\\rs-react-app\\src\\components\\flyout\\Flyout.tsx": {"path":"C:\\Projects\\rs-react-app\\src\\components\\flyout\\Flyout.tsx","all":false,"statementMap":{"0":{"start":{"line":1,"column":0},"end":{"line":1,"column":42}},"1":{"start":{"line":2,"column":0},"end":{"line":2,"column":68}},"2":{"start":{"line":3,"column":0},"end":{"line":3,"column":49}},"3":{"start":{"line":4,"column":0},"end":{"line":4,"column":54}},"4":{"start":{"line":5,"column":0},"end":{"line":5,"column":38}},"5":{"start":{"line":6,"column":0},"end":{"line":6,"column":41}},"7":{"start":{"line":8,"column":0},"end":{"line":8,"column":22}},"8":{"start":{"line":9,"column":0},"end":{"line":9,"column":33}},"9":{"start":{"line":10,"column":0},"end":{"line":10,"column":79}},"11":{"start":{"line":12,"column":0},"end":{"line":12,"column":36}},"12":{"start":{"line":13,"column":0},"end":{"line":13,"column":16}},"13":{"start":{"line":14,"column":0},"end":{"line":14,"column":3}},"15":{"start":{"line":16,"column":0},"end":{"line":16,"column":10}},"16":{"start":{"line":17,"column":0},"end":{"line":17,"column":39}},"17":{"start":{"line":18,"column":0},"end":{"line":18,"column":58}},"18":{"start":{"line":19,"column":0},"end":{"line":19,"column":76}},"20":{"start":{"line":21,"column":0},"end":{"line":21,"column":15}},"21":{"start":{"line":22,"column":0},"end":{"line":22,"column":72}},"23":{"start":{"line":24,"column":0},"end":{"line":24,"column":15}},"24":{"start":{"line":25,"column":0},"end":{"line":25,"column":10}},"26":{"start":{"line":27,"column":0},"end":{"line":27,"column":2}},"28":{"start":{"line":29,"column":0},"end":{"line":29,"column":22}}},"s":{"0":1,"1":1,"2":1,"3":1,"4":1,"5":1,"7":1,"8":5,"9":5,"11":5,"12":2,"13":2,"15":3,"16":3,"17":3,"18":3,"20":3,"21":3,"23":3,"24":3,"26":3,"28":1},"branchMap":{"0":{"type":"branch","line":8,"loc":{"start":{"line":8,"column":15},"end":{"line":27,"column":2}},"locations":[{"start":{"line":8,"column":15},"end":{"line":27,"column":2}}]},"1":{"type":"branch","line":12,"loc":{"start":{"line":12,"column":35},"end":{"line":14,"column":3}},"locations":[{"start":{"line":12,"column":35},"end":{"line":14,"column":3}}]},"2":{"type":"branch","line":14,"loc":{"start":{"line":14,"column":2},"end":{"line":27,"column":2}},"locations":[{"start":{"line":14,"column":2},"end":{"line":27,"column":2}}]},"3":{"type":"branch","line":10,"loc":{"start":{"line":10,"column":40},"end":{"line":10,"column":77}},"locations":[{"start":{"line":10,"column":40},"end":{"line":10,"column":77}}]},"4":{"type":"branch","line":19,"loc":{"start":{"line":19,"column":37},"end":{"line":19,"column":76}},"locations":[{"start":{"line":19,"column":37},"end":{"line":19,"column":76}}]},"5":{"type":"branch","line":22,"loc":{"start":{"line":22,"column":37},"end":{"line":22,"column":72}},"locations":[{"start":{"line":22,"column":37},"end":{"line":22,"column":72}}]}},"b":{"0":[5],"1":[2],"2":[3],"3":[10],"4":[1],"5":[1]},"fnMap":{"0":{"name":"Flyout","decl":{"start":{"line":8,"column":15},"end":{"line":27,"column":2}},"loc":{"start":{"line":8,"column":15},"end":{"line":27,"column":2}},"line":8},"1":{"name":"onClick","decl":{"start":{"line":19,"column":37},"end":{"line":19,"column":76}},"loc":{"start":{"line":19,"column":37},"end":{"line":19,"column":76}},"line":19},"2":{"name":"onClick","decl":{"start":{"line":22,"column":37},"end":{"line":22,"column":72}},"loc":{"start":{"line":22,"column":37},"end":{"line":22,"column":72}},"line":22}},"f":{"0":5,"1":1,"2":1}}
,"C:\\Projects\\rs-react-app\\src\\components\\header\\Header.tsx": {"path":"C:\\Projects\\rs-react-app\\src\\components\\header\\Header.tsx","all":false,"statementMap":{"0":{"start":{"line":1,"column":0},"end":{"line":1,"column":62}},"1":{"start":{"line":2,"column":0},"end":{"line":2,"column":38}},"2":{"start":{"line":3,"column":0},"end":{"line":3,"column":41}},"4":{"start":{"line":5,"column":0},"end":{"line":5,"column":22}},"5":{"start":{"line":6,"column":0},"end":{"line":6,"column":39}},"6":{"start":{"line":7,"column":0},"end":{"line":7,"column":31}},"8":{"start":{"line":9,"column":0},"end":{"line":9,"column":10}},"9":{"start":{"line":10,"column":0},"end":{"line":10,"column":38}},"10":{"start":{"line":11,"column":0},"end":{"line":11,"column":25}},"11":{"start":{"line":12,"column":0},"end":{"line":12,"column":50}},"12":{"start":{"line":13,"column":0},"end":{"line":13,"column":50}},"13":{"start":{"line":14,"column":0},"end":{"line":14,"column":15}},"14":{"start":{"line":15,"column":0},"end":{"line":15,"column":13}},"16":{"start":{"line":17,"column":0},"end":{"line":17,"column":2}},"18":{"start":{"line":19,"column":0},"end":{"line":19,"column":22}}},"s":{"0":1,"1":1,"2":1,"4":1,"5":4,"6":4,"8":4,"9":4,"10":4,"11":4,"12":4,"13":4,"14":4,"16":4,"18":1},"branchMap":{"0":{"type":"branch","line":5,"loc":{"start":{"line":5,"column":15},"end":{"line":17,"column":2}},"locations":[{"start":{"line":5,"column":15},"end":{"line":17,"column":2}}]},"1":{"type":"branch","line":13,"loc":{"start":{"line":13,"column":9},"end":{"line":13,"column":37}},"locations":[{"start":{"line":13,"column":9},"end":{"line":13,"column":37}}]},"2":{"type":"branch","line":13,"loc":{"start":{"line":13,"column":21},"end":{"line":13,"column":50}},"locations":[{"start":{"line":13,"column":21},"end":{"line":13,"column":50}}]}},"b":{"0":[4],"1":[2],"2":[2]},"fnMap":{"0":{"name":"Header","decl":{"start":{"line":5,"column":15},"end":{"line":17,"column":2}},"loc":{"start":{"line":5,"column":15},"end":{"line":17,"column":2}},"line":5}},"f":{"0":4}}
,"C:\\Projects\\rs-react-app\\src\\components\\loader\\Loader.tsx": {"path":"C:\\Projects\\rs-react-app\\src\\components\\loader\\Loader.tsx","all":false,"statementMap":{"0":{"start":{"line":1,"column":0},"end":{"line":1,"column":41}},"2":{"start":{"line":3,"column":0},"end":{"line":3,"column":22}},"3":{"start":{"line":4,"column":0},"end":{"line":4,"column":68}},"4":{"start":{"line":5,"column":0},"end":{"line":5,"column":2}},"6":{"start":{"line":7,"column":0},"end":{"line":7,"column":22}}},"s":{"0":1,"2":1,"3":1,"4":1,"6":1},"branchMap":{"0":{"type":"branch","line":3,"loc":{"start":{"line":3,"column":15},"end":{"line":5,"column":2}},"locations":[{"start":{"line":3,"column":15},"end":{"line":5,"column":2}}]}},"b":{"0":[1]},"fnMap":{"0":{"name":"Loader","decl":{"start":{"line":3,"column":15},"end":{"line":5,"column":2}},"loc":{"start":{"line":3,"column":15},"end":{"line":5,"column":2}},"line":3}},"f":{"0":1}}
,"C:\\Projects\\rs-react-app\\src\\components\\pagination\\Pagination.tsx": {"path":"C:\\Projects\\rs-react-app\\src\\components\\pagination\\Pagination.tsx","all":false,"statementMap":{"0":{"start":{"line":1,"column":0},"end":{"line":1,"column":51}},"1":{"start":{"line":2,"column":0},"end":{"line":2,"column":49}},"2":{"start":{"line":3,"column":0},"end":{"line":3,"column":38}},"3":{"start":{"line":4,"column":0},"end":{"line":4,"column":45}},"10":{"start":{"line":11,"column":0},"end":{"line":11,"column":21}},"11":{"start":{"line":12,"column":0},"end":{"line":12,"column":14}},"12":{"start":{"line":13,"column":0},"end":{"line":13,"column":14}},"13":{"start":{"line":14,"column":0},"end":{"line":14,"column":20}},"14":{"start":{"line":15,"column":0},"end":{"line":15,"column":24}},"15":{"start":{"line":16,"column":0},"end":{"line":16,"column":43}},"16":{"start":{"line":17,"column":0},"end":{"line":17,"column":55}},"18":{"start":{"line":19,"column":0},"end":{"line":19,"column":64}},"20":{"start":{"line":21,"column":0},"end":{"line":21,"column":10}},"21":{"start":{"line":22,"column":0},"end":{"line":22,"column":43}},"22":{"start":{"line":23,"column":0},"end":{"line":23,"column":13}},"23":{"start":{"line":24,"column":0},"end":{"line":24,"column":21}},"24":{"start":{"line":25,"column":0},"end":{"line":25,"column":29}},"25":{"start":{"line":26,"column":0},"end":{"line":26,"column":58}},"26":{"start":{"line":27,"column":0},"end":{"line":27,"column":24}},"27":{"start":{"line":28,"column":0},"end":{"line":28,"column":7}},"29":{"start":{"line":30,"column":0},"end":{"line":30,"column":15}},"30":{"start":{"line":31,"column":0},"end":{"line":31,"column":39}},"31":{"start":{"line":32,"column":0},"end":{"line":32,"column":13}},"32":{"start":{"line":33,"column":0},"end":{"line":33,"column":21}},"33":{"start":{"line":34,"column":0},"end":{"line":34,"column":29}},"34":{"start":{"line":35,"column":0},"end":{"line":35,"column":58}},"35":{"start":{"line":36,"column":0},"end":{"line":36,"column":24}},"36":{"start":{"line":37,"column":0},"end":{"line":37,"column":7}},"38":{"start":{"line":39,"column":0},"end":{"line":39,"column":15}},"39":{"start":{"line":40,"column":0},"end":{"line":40,"column":10}},"41":{"start":{"line":42,"column":0},"end":{"line":42,"column":2}},"42":{"start":{"line":43,"column":0},"end":{"line":43,"column":26}}},"s":{"0":1,"1":1,"2":1,"3":1,"10":1,"11":4,"12":4,"13":4,"14":4,"15":4,"16":4,"18":4,"20":4,"21":4,"22":4,"23":4,"24":4,"25":4,"26":4,"27":4,"29":4,"30":4,"31":4,"32":4,"33":4,"34":4,"35":4,"36":4,"38":4,"39":4,"41":4,"42":1},"branchMap":{"0":{"type":"branch","line":11,"loc":{"start":{"line":11,"column":19},"end":{"line":42,"column":2}},"locations":[{"start":{"line":11,"column":19},"end":{"line":42,"column":2}}]},"1":{"type":"branch","line":19,"loc":{"start":{"line":19,"column":40},"end":{"line":19,"column":62}},"locations":[{"start":{"line":19,"column":40},"end":{"line":19,"column":62}}]},"2":{"type":"branch","line":26,"loc":{"start":{"line":26,"column":17},"end":{"line":26,"column":58}},"locations":[{"start":{"line":26,"column":17},"end":{"line":26,"column":58}}]},"3":{"type":"branch","line":35,"loc":{"start":{"line":35,"column":17},"end":{"line":35,"column":58}},"locations":[{"start":{"line":35,"column":17},"end":{"line":35,"column":58}}]}},"b":{"0":[4],"1":[8],"2":[1],"3":[1]},"fnMap":{"0":{"name":"Pagination","decl":{"start":{"line":11,"column":19},"end":{"line":42,"column":2}},"loc":{"start":{"line":11,"column":19},"end":{"line":42,"column":2}},"line":11},"1":{"name":"onClick","decl":{"start":{"line":26,"column":17},"end":{"line":26,"column":58}},"loc":{"start":{"line":26,"column":17},"end":{"line":26,"column":58}},"line":26},"2":{"name":"onClick","decl":{"start":{"line":35,"column":17},"end":{"line":35,"column":58}},"loc":{"start":{"line":35,"column":17},"end":{"line":35,"column":58}},"line":35}},"f":{"0":4,"1":1,"2":1}}
,"C:\\Projects\\rs-react-app\\src\\components\\results\\Results.tsx": {"path":"C:\\Projects\\rs-react-app\\src\\components\\results\\Results.tsx","all":false,"statementMap":{"0":{"start":{"line":1,"column":0},"end":{"line":1,"column":72}},"1":{"start":{"line":2,"column":0},"end":{"line":2,"column":38}},"2":{"start":{"line":3,"column":0},"end":{"line":3,"column":40}},"3":{"start":{"line":4,"column":0},"end":{"line":4,"column":38}},"4":{"start":{"line":5,"column":0},"end":{"line":5,"column":42}},"6":{"start":{"line":7,"column":0},"end":{"line":7,"column":23}},"7":{"start":{"line":8,"column":0},"end":{"line":8,"column":33}},"9":{"start":{"line":10,"column":0},"end":{"line":10,"column":43}},"10":{"start":{"line":11,"column":0},"end":{"line":11,"column":46}},"11":{"start":{"line":12,"column":0},"end":{"line":12,"column":49}},"13":{"start":{"line":14,"column":0},"end":{"line":14,"column":30}},"14":{"start":{"line":15,"column":0},"end":{"line":15,"column":31}},"15":{"start":{"line":16,"column":0},"end":{"line":16,"column":4}},"17":{"start":{"line":18,"column":0},"end":{"line":18,"column":10}},"18":{"start":{"line":19,"column":0},"end":{"line":19,"column":45}},"19":{"start":{"line":20,"column":0},"end":{"line":20,"column":49}},"20":{"start":{"line":21,"column":0},"end":{"line":21,"column":47}},"21":{"start":{"line":22,"column":0},"end":{"line":22,"column":21}},"22":{"start":{"line":23,"column":0},"end":{"line":23,"column":28}},"23":{"start":{"line":24,"column":0},"end":{"line":24,"column":14}},"24":{"start":{"line":25,"column":0},"end":{"line":25,"column":23}},"25":{"start":{"line":26,"column":0},"end":{"line":26,"column":24}},"26":{"start":{"line":27,"column":0},"end":{"line":27,"column":47}},"27":{"start":{"line":28,"column":0},"end":{"line":28,"column":57}},"29":{"start":{"line":30,"column":0},"end":{"line":30,"column":21}},"30":{"start":{"line":31,"column":0},"end":{"line":31,"column":16}},"32":{"start":{"line":33,"column":0},"end":{"line":33,"column":18}},"33":{"start":{"line":34,"column":0},"end":{"line":34,"column":12}},"34":{"start":{"line":35,"column":0},"end":{"line":35,"column":43}},"35":{"start":{"line":36,"column":0},"end":{"line":36,"column":10}},"37":{"start":{"line":38,"column":0},"end":{"line":38,"column":2}},"39":{"start":{"line":40,"column":0},"end":{"line":40,"column":23}}},"s":{"0":1,"1":1,"2":1,"3":1,"4":1,"6":1,"7":3,"9":3,"10":3,"11":3,"13":3,"14":1,"15":1,"17":3,"18":3,"19":3,"20":3,"21":3,"22":3,"23":3,"24":3,"25":3,"26":2,"27":2,"29":2,"30":2,"32":3,"33":3,"34":3,"35":3,"37":3,"39":1},"branchMap":{"0":{"type":"branch","line":7,"loc":{"start":{"line":7,"column":16},"end":{"line":38,"column":2}},"locations":[{"start":{"line":7,"column":16},"end":{"line":38,"column":2}}]},"1":{"type":"branch","line":11,"loc":{"start":{"line":11,"column":38},"end":{"line":11,"column":46}},"locations":[{"start":{"line":11,"column":38},"end":{"line":11,"column":46}}]},"2":{"type":"branch","line":26,"loc":{"start":{"line":26,"column":9},"end":{"line":31,"column":16}},"locations":[{"start":{"line":26,"column":9},"end":{"line":31,"column":16}}]},"3":{"type":"branch","line":14,"loc":{"start":{"line":14,"column":23},"end":{"line":16,"column":4}},"locations":[{"start":{"line":14,"column":23},"end":{"line":16,"column":4}}]}},"b":{"0":[3],"1":[2],"2":[2],"3":[1]},"fnMap":{"0":{"name":"Results","decl":{"start":{"line":7,"column":16},"end":{"line":38,"column":2}},"loc":{"start":{"line":7,"column":16},"end":{"line":38,"column":2}},"line":7},"1":{"name":"closeDetails","decl":{"start":{"line":14,"column":23},"end":{"line":16,"column":4}},"loc":{"start":{"line":14,"column":23},"end":{"line":16,"column":4}},"line":14}},"f":{"0":3,"1":1}}
,"C:\\Projects\\rs-react-app\\src\\components\\results\\ResultsItem.tsx": {"path":"C:\\Projects\\rs-react-app\\src\\components\\results\\ResultsItem.tsx","all":false,"statementMap":{"0":{"start":{"line":1,"column":0},"end":{"line":1,"column":42}},"1":{"start":{"line":2,"column":0},"end":{"line":2,"column":8}},"5":{"start":{"line":6,"column":0},"end":{"line":6,"column":49}},"7":{"start":{"line":8,"column":0},"end":{"line":8,"column":70}},"8":{"start":{"line":9,"column":0},"end":{"line":9,"column":42}},"9":{"start":{"line":10,"column":0},"end":{"line":10,"column":64}},"11":{"start":{"line":12,"column":0},"end":{"line":12,"column":57}},"12":{"start":{"line":13,"column":0},"end":{"line":13,"column":33}},"13":{"start":{"line":14,"column":0},"end":{"line":14,"column":33}},"15":{"start":{"line":16,"column":0},"end":{"line":16,"column":43}},"16":{"start":{"line":17,"column":0},"end":{"line":17,"column":47}},"17":{"start":{"line":18,"column":0},"end":{"line":18,"column":50}},"19":{"start":{"line":20,"column":0},"end":{"line":20,"column":79}},"20":{"start":{"line":21,"column":0},"end":{"line":21,"column":65}},"22":{"start":{"line":23,"column":0},"end":{"line":23,"column":44}},"23":{"start":{"line":24,"column":0},"end":{"line":24,"column":60}},"25":{"start":{"line":26,"column":0},"end":{"line":26,"column":48}},"26":{"start":{"line":27,"column":0},"end":{"line":27,"column":45}},"27":{"start":{"line":28,"column":0},"end":{"line":28,"column":27}},"28":{"start":{"line":29,"column":0},"end":{"line":29,"column":63}},"29":{"start":{"line":30,"column":0},"end":{"line":30,"column":12}},"30":{"start":{"line":31,"column":0},"end":{"line":31,"column":58}},"31":{"start":{"line":32,"column":0},"end":{"line":32,"column":37}},"32":{"start":{"line":33,"column":0},"end":{"line":33,"column":8}},"33":{"start":{"line":34,"column":0},"end":{"line":34,"column":57}},"34":{"start":{"line":35,"column":0},"end":{"line":35,"column":5}},"35":{"start":{"line":36,"column":0},"end":{"line":36,"column":4}},"37":{"start":{"line":38,"column":0},"end":{"line":38,"column":41}},"38":{"start":{"line":39,"column":0},"end":{"line":39,"column":70}},"39":{"start":{"line":40,"column":0},"end":{"line":40,"column":56}},"40":{"start":{"line":41,"column":0},"end":{"line":41,"column":17}},"41":{"start":{"line":42,"column":0},"end":{"line":42,"column":42}},"42":{"start":{"line":43,"column":0},"end":{"line":43,"column":5}},"43":{"start":{"line":44,"column":0},"end":{"line":44,"column":4}},"44":{"start":{"line":45,"column":0},"end":{"line":45,"column":10}},"45":{"start":{"line":46,"column":0},"end":{"line":46,"column":80}},"46":{"start":{"line":47,"column":0},"end":{"line":47,"column":40}},"47":{"start":{"line":48,"column":0},"end":{"line":48,"column":14}},"48":{"start":{"line":49,"column":0},"end":{"line":49,"column":44}},"49":{"start":{"line":50,"column":0},"end":{"line":50,"column":44}},"50":{"start":{"line":51,"column":0},"end":{"line":51,"column":25}},"51":{"start":{"line":52,"column":0},"end":{"line":52,"column":51}},"52":{"start":{"line":53,"column":0},"end":{"line":53,"column":70}},"53":{"start":{"line":54,"column":0},"end":{"line":54,"column":10}},"54":{"start":{"line":55,"column":0},"end":{"line":55,"column":58}},"55":{"start":{"line":56,"column":0},"end":{"line":56,"column":12}},"56":{"start":{"line":57,"column":0},"end":{"line":57,"column":66}},"57":{"start":{"line":58,"column":0},"end":{"line":58,"column":9}},"59":{"start":{"line":60,"column":0},"end":{"line":60,"column":2}},"61":{"start":{"line":62,"column":0},"end":{"line":62,"column":27}}},"s":{"0":1,"1":1,"5":1,"7":1,"8":1,"9":1,"11":1,"12":13,"13":13,"15":13,"16":13,"17":13,"19":13,"20":13,"22":13,"23":4,"25":13,"26":4,"27":4,"28":1,"29":4,"30":3,"31":3,"32":3,"33":3,"34":3,"35":4,"37":13,"38":2,"39":2,"40":2,"41":2,"42":2,"43":2,"44":13,"45":13,"46":13,"47":13,"48":13,"49":13,"50":13,"51":13,"52":13,"53":13,"54":13,"55":13,"56":13,"57":13,"59":13,"61":1},"branchMap":{"0":{"type":"branch","line":12,"loc":{"start":{"line":12,"column":20},"end":{"line":60,"column":2}},"locations":[{"start":{"line":12,"column":20},"end":{"line":60,"column":2}}]},"1":{"type":"branch","line":20,"loc":{"start":{"line":20,"column":40},"end":{"line":20,"column":77}},"locations":[{"start":{"line":20,"column":40},"end":{"line":20,"column":77}}]},"2":{"type":"branch","line":21,"loc":{"start":{"line":21,"column":33},"end":{"line":21,"column":63}},"locations":[{"start":{"line":21,"column":33},"end":{"line":21,"column":63}}]},"3":{"type":"branch","line":23,"loc":{"start":{"line":23,"column":25},"end":{"line":24,"column":60}},"locations":[{"start":{"line":23,"column":25},"end":{"line":24,"column":60}}]},"4":{"type":"branch","line":24,"loc":{"start":{"line":24,"column":29},"end":{"line":24,"column":58}},"locations":[{"start":{"line":24,"column":29},"end":{"line":24,"column":58}}]},"5":{"type":"branch","line":26,"loc":{"start":{"line":26,"column":27},"end":{"line":36,"column":4}},"locations":[{"start":{"line":26,"column":27},"end":{"line":36,"column":4}}]},"6":{"type":"branch","line":28,"loc":{"start":{"line":28,"column":26},"end":{"line":30,"column":11}},"locations":[{"start":{"line":28,"column":26},"end":{"line":30,"column":11}}]},"7":{"type":"branch","line":30,"loc":{"start":{"line":30,"column":4},"end":{"line":35,"column":5}},"locations":[{"start":{"line":30,"column":4},"end":{"line":35,"column":5}}]},"8":{"type":"branch","line":32,"loc":{"start":{"line":32,"column":8},"end":{"line":32,"column":37}},"locations":[{"start":{"line":32,"column":8},"end":{"line":32,"column":37}}]},"9":{"type":"branch","line":38,"loc":{"start":{"line":38,"column":22},"end":{"line":44,"column":4}},"locations":[{"start":{"line":38,"column":22},"end":{"line":44,"column":4}}]},"10":{"type":"branch","line":40,"loc":{"start":{"line":40,"column":32},"end":{"line":40,"column":54}},"locations":[{"start":{"line":40,"column":32},"end":{"line":40,"column":54}}]},"11":{"type":"branch","line":46,"loc":{"start":{"line":46,"column":48},"end":{"line":46,"column":80}},"locations":[{"start":{"line":46,"column":48},"end":{"line":46,"column":80}}]},"12":{"type":"branch","line":50,"loc":{"start":{"line":50,"column":19},"end":{"line":50,"column":44}},"locations":[{"start":{"line":50,"column":19},"end":{"line":50,"column":44}}]},"13":{"type":"branch","line":52,"loc":{"start":{"line":52,"column":20},"end":{"line":52,"column":51}},"locations":[{"start":{"line":52,"column":20},"end":{"line":52,"column":51}}]},"14":{"type":"branch","line":53,"loc":{"start":{"line":53,"column":39},"end":{"line":53,"column":68}},"locations":[{"start":{"line":53,"column":39},"end":{"line":53,"column":68}}]}},"b":{"0":[13],"1":[26],"2":[26],"3":[4],"4":[3],"5":[4],"6":[1],"7":[3],"8":[3],"9":[2],"10":[2],"11":[2],"12":[4],"13":[4],"14":[2]},"fnMap":{"0":{"name":"ResultsItem","decl":{"start":{"line":12,"column":20},"end":{"line":60,"column":2}},"loc":{"start":{"line":12,"column":20},"end":{"line":60,"column":2}},"line":12},"1":{"name":"findCheckedIdx","decl":{"start":{"line":23,"column":25},"end":{"line":24,"column":60}},"loc":{"start":{"line":23,"column":25},"end":{"line":24,"column":60}},"line":23},"2":{"name":"onCheckboxChange","decl":{"start":{"line":26,"column":27},"end":{"line":36,"column":4}},"loc":{"start":{"line":26,"column":27},"end":{"line":36,"column":4}},"line":26},"3":{"name":"onItemClick","decl":{"start":{"line":38,"column":22},"end":{"line":44,"column":4}},"loc":{"start":{"line":38,"column":22},"end":{"line":44,"column":4}},"line":38},"4":{"name":"onClick","decl":{"start":{"line":46,"column":48},"end":{"line":46,"column":80}},"loc":{"start":{"line":46,"column":48},"end":{"line":46,"column":80}},"line":46},"5":{"name":"onClick","decl":{"start":{"line":50,"column":19},"end":{"line":50,"column":44}},"loc":{"start":{"line":50,"column":19},"end":{"line":50,"column":44}},"line":50},"6":{"name":"onChange","decl":{"start":{"line":52,"column":20},"end":{"line":52,"column":51}},"loc":{"start":{"line":52,"column":20},"end":{"line":52,"column":51}},"line":52}},"f":{"0":13,"1":4,"2":4,"3":2,"4":2,"5":4,"6":4}}
,"C:\\Projects\\rs-react-app\\src\\components\\results\\ResultsList.tsx": {"path":"C:\\Projects\\rs-react-app\\src\\components\\results\\ResultsList.tsx","all":false,"statementMap":{"0":{"start":{"line":1,"column":0},"end":{"line":1,"column":49}},"1":{"start":{"line":2,"column":0},"end":{"line":2,"column":38}},"2":{"start":{"line":3,"column":0},"end":{"line":3,"column":42}},"3":{"start":{"line":4,"column":0},"end":{"line":4,"column":40}},"5":{"start":{"line":6,"column":0},"end":{"line":6,"column":27}},"6":{"start":{"line":7,"column":0},"end":{"line":7,"column":65}},"7":{"start":{"line":8,"column":0},"end":{"line":8,"column":69}},"9":{"start":{"line":10,"column":0},"end":{"line":10,"column":10}},"10":{"start":{"line":11,"column":0},"end":{"line":11,"column":39}},"11":{"start":{"line":12,"column":0},"end":{"line":12,"column":21}},"12":{"start":{"line":13,"column":0},"end":{"line":13,"column":43}},"13":{"start":{"line":14,"column":0},"end":{"line":14,"column":20}},"14":{"start":{"line":15,"column":0},"end":{"line":15,"column":14}},"16":{"start":{"line":17,"column":0},"end":{"line":17,"column":61}},"17":{"start":{"line":18,"column":0},"end":{"line":18,"column":30}},"18":{"start":{"line":19,"column":0},"end":{"line":19,"column":57}},"19":{"start":{"line":20,"column":0},"end":{"line":20,"column":9}},"20":{"start":{"line":21,"column":0},"end":{"line":21,"column":9}},"22":{"start":{"line":23,"column":0},"end":{"line":23,"column":2}},"24":{"start":{"line":25,"column":0},"end":{"line":25,"column":27}}},"s":{"0":1,"1":1,"2":1,"3":1,"5":1,"6":4,"7":4,"9":4,"10":4,"11":4,"12":1,"13":1,"14":1,"16":4,"17":4,"18":6,"19":4,"20":4,"22":4,"24":1},"branchMap":{"0":{"type":"branch","line":6,"loc":{"start":{"line":6,"column":20},"end":{"line":23,"column":2}},"locations":[{"start":{"line":6,"column":20},"end":{"line":23,"column":2}}]},"1":{"type":"branch","line":12,"loc":{"start":{"line":12,"column":7},"end":{"line":15,"column":14}},"locations":[{"start":{"line":12,"column":7},"end":{"line":15,"column":14}}]},"2":{"type":"branch","line":17,"loc":{"start":{"line":17,"column":26},"end":{"line":17,"column":61}},"locations":[{"start":{"line":17,"column":26},"end":{"line":17,"column":61}}]},"3":{"type":"branch","line":7,"loc":{"start":{"line":7,"column":33},"end":{"line":7,"column":63}},"locations":[{"start":{"line":7,"column":33},"end":{"line":7,"column":63}}]},"4":{"type":"branch","line":8,"loc":{"start":{"line":8,"column":35},"end":{"line":8,"column":67}},"locations":[{"start":{"line":8,"column":35},"end":{"line":8,"column":67}}]},"5":{"type":"branch","line":18,"loc":{"start":{"line":18,"column":19},"end":{"line":19,"column":57}},"locations":[{"start":{"line":18,"column":19},"end":{"line":19,"column":57}}]}},"b":{"0":[4],"1":[1],"2":[2],"3":[8],"4":[8],"5":[6]},"fnMap":{"0":{"name":"ResultsList","decl":{"start":{"line":6,"column":20},"end":{"line":23,"column":2}},"loc":{"start":{"line":6,"column":20},"end":{"line":23,"column":2}},"line":6}},"f":{"0":4}}
,"C:\\Projects\\rs-react-app\\src\\components\\search\\Search.tsx": {"path":"C:\\Projects\\rs-react-app\\src\\components\\search\\Search.tsx","all":false,"statementMap":{"1":{"start":{"line":2,"column":0},"end":{"line":2,"column":49}},"2":{"start":{"line":3,"column":0},"end":{"line":3,"column":38}},"3":{"start":{"line":4,"column":0},"end":{"line":4,"column":41}},"11":{"start":{"line":12,"column":0},"end":{"line":12,"column":75}},"12":{"start":{"line":13,"column":0},"end":{"line":13,"column":69}},"14":{"start":{"line":15,"column":0},"end":{"line":15,"column":10}},"15":{"start":{"line":16,"column":0},"end":{"line":16,"column":6}},"16":{"start":{"line":17,"column":0},"end":{"line":17,"column":10}},"18":{"start":{"line":19,"column":0},"end":{"line":19,"column":18}},"19":{"start":{"line":20,"column":0},"end":{"line":20,"column":11}},"20":{"start":{"line":21,"column":0},"end":{"line":21,"column":76}},"21":{"start":{"line":22,"column":0},"end":{"line":22,"column":14}},"22":{"start":{"line":23,"column":0},"end":{"line":23,"column":40}},"23":{"start":{"line":24,"column":0},"end":{"line":24,"column":21}},"24":{"start":{"line":25,"column":0},"end":{"line":25,"column":43}},"25":{"start":{"line":26,"column":0},"end":{"line":26,"column":34}},"26":{"start":{"line":27,"column":0},"end":{"line":27,"column":47}},"27":{"start":{"line":28,"column":0},"end":{"line":28,"column":10}},"28":{"start":{"line":29,"column":0},"end":{"line":29,"column":50}},"30":{"start":{"line":31,"column":0},"end":{"line":31,"column":17}},"31":{"start":{"line":32,"column":0},"end":{"line":32,"column":13}},"32":{"start":{"line":33,"column":0},"end":{"line":33,"column":7}},"34":{"start":{"line":35,"column":0},"end":{"line":35,"column":2}},"36":{"start":{"line":37,"column":0},"end":{"line":37,"column":22}}},"s":{"1":1,"2":1,"3":1,"11":1,"12":2,"14":2,"15":2,"16":2,"18":2,"19":2,"20":2,"21":2,"22":2,"23":2,"24":2,"25":2,"26":2,"27":2,"28":2,"30":2,"31":2,"32":2,"34":2,"36":1},"branchMap":{"0":{"type":"branch","line":12,"loc":{"start":{"line":12,"column":15},"end":{"line":35,"column":2}},"locations":[{"start":{"line":12,"column":15},"end":{"line":35,"column":2}}]},"1":{"type":"branch","line":25,"loc":{"start":{"line":25,"column":24},"end":{"line":25,"column":43}},"locations":[{"start":{"line":25,"column":24},"end":{"line":25,"column":43}}]},"2":{"type":"branch","line":13,"loc":{"start":{"line":13,"column":35},"end":{"line":13,"column":67}},"locations":[{"start":{"line":13,"column":35},"end":{"line":13,"column":67}}]},"3":{"type":"branch","line":21,"loc":{"start":{"line":21,"column":22},"end":{"line":21,"column":46}},"locations":[{"start":{"line":21,"column":22},"end":{"line":21,"column":46}}]}},"b":{"0":[2],"1":[1],"2":[4],"3":[1]},"fnMap":{"0":{"name":"Search","decl":{"start":{"line":12,"column":15},"end":{"line":35,"column":2}},"loc":{"start":{"line":12,"column":15},"end":{"line":35,"column":2}},"line":12},"1":{"name":"onSubmit","decl":{"start":{"line":21,"column":22},"end":{"line":21,"column":46}},"loc":{"start":{"line":21,"column":22},"end":{"line":21,"column":46}},"line":21}},"f":{"0":2,"1":1}}
}
